<?xml version="1.0" encoding="UTF-8"?><testsuite errors="0" failures="1" name="quiero crear un juez" skipped="0" tests="1" time="13.94" timestamp="2025-12-15 08:51:49"><testcase name="crear un juez"><failure message="&#13;&#10;Expected: is &lt;true&gt;&#13;&#10;     but: was &lt;false&gt;" type="java.lang.AssertionError">&#13;
Expected: is &lt;true&gt;&#13;
     but: was &lt;false&gt;</failure><system-err>&#13;
Expected: is &lt;true&gt;&#13;
     but: was &lt;false&gt;&#13;
co.com.AutoFacebook.stepsdefinitions.JuecesStepDefinitionsFutcol.seCrearaUnJuezVisibleEnOtroModulos(JuecesStepDefinitionsFutcol.java:21)&#13;
✽.se creara un juez visible en otro modulos(src/test/resources/features/automatizacion_jueces.feature:13)&#13;
</system-err></testcase></testsuite>