<?xml version="1.0" encoding="UTF-8"?><testsuite errors="0" failures="1" name="quiero crear un equipo" skipped="0" tests="1" time="35.44" timestamp="2025-12-15 08:50:52"><testcase name="crear un equipo"><failure message="&#13;&#10;Expected: is &lt;true&gt;&#13;&#10;     but: was &lt;false&gt;" type="java.lang.AssertionError">&#13;
Expected: is &lt;true&gt;&#13;
     but: was &lt;false&gt;</failure><system-err>&#13;
Expected: is &lt;true&gt;&#13;
     but: was &lt;false&gt;&#13;
co.com.AutoFacebook.stepsdefinitions.EquiposStepDefinitionsFutcol.seCrearaUnEquipoVisibleEnOtrosModulos(EquiposStepDefinitionsFutcol.java:25)&#13;
✽.se creara un equipo visible en otros modulos(src/test/resources/features/automatizacion_equipos.feature:13)&#13;
</system-err></testcase></testsuite>