<?xml version="1.0" encoding="UTF-8"?><testsuite errors="1" failures="0" name="como usuario de FutCol quiero autenticarme en la pagina web para luego hacer acceder a todas las funcionalidades de mi rol" skipped="0" tests="1" time="8.02" timestamp="2025-12-15 07:57:49"><testcase name="Verificar la autenticacion exitosa en la pagina de FutCol"><error message="Could not instantiate class org.openqa.selenium.chrome.ChromeDriver" type="net.thucydides.core.webdriver.DriverConfigurationError">Could not instantiate class org.openqa.selenium.chrome.ChromeDriver</error><system-err>Could not instantiate class org.openqa.selenium.chrome.ChromeDriver&#13;
co.com.AutoFacebook.tasks.tasklogin.AbrirFutcol.performAs(AbrirFutcol.java:17)&#13;
co.com.AutoFacebook.utils.hooks.PreparacionEscenario.preparar(PreparacionEscenario.java:18)&#13;
cucumber.runner.UnskipableStep.executeStep(UnskipableStep.java:22)&#13;
cucumber.runner.Runner.runPickle(Runner.java:80)&#13;
worker.org.gradle.process.internal.worker.GradleWorkerMain.run(GradleWorkerMain.java:69)&#13;
worker.org.gradle.process.internal.worker.GradleWorkerMain.main(GradleWorkerMain.java:74)&#13;
</system-err></testcase></testsuite>